<?xml version="1.0" encoding="UTF-8"?>
<!-- Generated by org.testng.reporters.JUnitXMLReporter -->
<testsuite hostname="HMS-DT-N-24" name="Default test(failed)" tests="2" failures="1" timestamp="8 Jun 2024 06:31:37 GMT" time="178.36" errors="0">
  <testcase name="fn_verifyAdditionOfPOSPoint" time="47.492" classname="com.hotelogix.smoke.AdminTest.AdminTest"/>
  <testcase name="fn_AdditionOfPOSPointWithCategoryAndProduct" time="86.013" classname="com.hotelogix.smoke.AdminTest.AdminTest">
    <failure type="org.openqa.selenium.NoSuchElementException" message="Unable to locate element: //table[@class=&amp;apos;list_viewnew&amp;apos;]//tr[2]//td[9]//a
For documentation on this error, please visit: http://seleniumhq.org/exceptions/no_such_element.html
Build info: version: &amp;apos;3.141.5&amp;apos;, revision: &amp;apos;d54ebd709a&amp;apos;, time: &amp;apos;2018-11-06T11:42:16&amp;apos;
System info: host: &amp;apos;HMS-DT-N-24&amp;apos;, ip: &amp;apos;192.168.2.160&amp;apos;, os.name: &amp;apos;Windows 10&amp;apos;, os.arch: &amp;apos;amd64&amp;apos;, os.version: &amp;apos;10.0&amp;apos;, java.version: &amp;apos;1.8.0_333&amp;apos;
Driver info: org.openqa.selenium.firefox.FirefoxDriver
Capabilities {acceptInsecureCerts: true, browserName: firefox, browserVersion: 72.0.2, javascriptEnabled: true, moz:accessibilityChecks: false, moz:buildID: 20200117190643, moz:geckodriverVersion: 0.29.0, moz:headless: false, moz:processID: 9160, moz:profile: C:\Users\qa\AppData\Local\T..., moz:shutdownTimeout: 60000, moz:useNonSpecCompliantPointerOrigin: false, moz:webdriverClick: true, pageLoadStrategy: normal, platform: WINDOWS, platformName: WINDOWS, platformVersion: 10.0, rotatable: false, setWindowRect: true, strictFileInteractability: false, timeouts: {implicit: 0, pageLoad: 300000, script: 30000}, unhandledPromptBehavior: dismiss and notify}
Session ID: 37496e72-cd5f-4b97-82e7-f627a400d81a
*** Element info: {Using=xpath, value=//table[@class=&amp;apos;list_viewnew&amp;apos;]//tr[2]//td[9]//a}">
      <![CDATA[org.openqa.selenium.NoSuchElementException: Unable to locate element: //table[@class='list_viewnew']//tr[2]//td[9]//a
For documentation on this error, please visit: http://seleniumhq.org/exceptions/no_such_element.html
Build info: version: '3.141.5', revision: 'd54ebd709a', time: '2018-11-06T11:42:16'
System info: host: 'HMS-DT-N-24', ip: '192.168.2.160', os.name: 'Windows 10', os.arch: 'amd64', os.version: '10.0', java.version: '1.8.0_333'
Driver info: org.openqa.selenium.firefox.FirefoxDriver
Capabilities {acceptInsecureCerts: true, browserName: firefox, browserVersion: 72.0.2, javascriptEnabled: true, moz:accessibilityChecks: false, moz:buildID: 20200117190643, moz:geckodriverVersion: 0.29.0, moz:headless: false, moz:processID: 9160, moz:profile: C:\Users\qa\AppData\Local\T..., moz:shutdownTimeout: 60000, moz:useNonSpecCompliantPointerOrigin: false, moz:webdriverClick: true, pageLoadStrategy: normal, platform: WINDOWS, platformName: WINDOWS, platformVersion: 10.0, rotatable: false, setWindowRect: true, strictFileInteractability: false, timeouts: {implicit: 0, pageLoad: 300000, script: 30000}, unhandledPromptBehavior: dismiss and notify}
Session ID: 37496e72-cd5f-4b97-82e7-f627a400d81a
*** Element info: {Using=xpath, value=//table[@class='list_viewnew']//tr[2]//td[9]//a}
	at org.openqa.selenium.remote.http.W3CHttpResponseCodec.createException(W3CHttpResponseCodec.java:187)
	at org.openqa.selenium.remote.http.W3CHttpResponseCodec.decode(W3CHttpResponseCodec.java:122)
	at org.openqa.selenium.remote.http.W3CHttpResponseCodec.decode(W3CHttpResponseCodec.java:49)
	at org.openqa.selenium.remote.HttpCommandExecutor.execute(HttpCommandExecutor.java:158)
	at org.openqa.selenium.remote.service.DriverCommandExecutor.execute(DriverCommandExecutor.java:83)
	at org.openqa.selenium.remote.RemoteWebDriver.execute(RemoteWebDriver.java:552)
	at org.openqa.selenium.remote.RemoteWebDriver.findElement(RemoteWebDriver.java:323)
	at org.openqa.selenium.remote.RemoteWebDriver.findElementByXPath(RemoteWebDriver.java:428)
	at org.openqa.selenium.By$ByXPath.findElement(By.java:353)
	at org.openqa.selenium.remote.RemoteWebDriver.findElement(RemoteWebDriver.java:315)
	at com.hotelogix.smoke.admin.PosManager.POSPointsLandingPage.clickOnSpecificEdit(POSPointsLandingPage.java:266)
	at com.hotelogix.smoke.AdminTest.AdminTest.fn_AdditionOfPOSPointWithCategoryAndProduct(AdminTest.java:1009)
... Removed 28 stack frames]]>
    </failure>
  </testcase> <!-- fn_AdditionOfPOSPointWithCategoryAndProduct -->
</testsuite> <!-- Default test(failed) -->
